Using pre-set license
Built from '2020.3/staging' branch; Version is '2020.3.3f1 (76626098c1c4) revision 7758432'; Using compiler version '192528614'; Build Type 'Release'
OS: 'Windows 10 Pro; OS build 19043.1110; Version 2009; 64bit' Language: 'it' Physical Memory: 16333 MB
BatchMode: 1, IsHumanControllingUs: 0, StartBugReporterOnCrash: 0, Is64bit: 1, IsPro: 0

 COMMAND LINE ARGUMENTS:
C:\Program Files\Unity\Hub\Editor\2020.3.3f1\Editor\Unity.exe
-adb2
-batchMode
-noUpm
-name
AssetImportWorker0
-projectPath
E:/UnityDevelopment/ClassicGames/SnakeRemake
-logFile
Logs/AssetImportWorker0.log
-srvPort
53810
Successfully changed project path to: E:/UnityDevelopment/ClassicGames/SnakeRemake
E:/UnityDevelopment/ClassicGames/SnakeRemake
Using Asset Import Pipeline V2.
Refreshing native plugins compatible for Editor in 25.30 ms, found 0 plugins.
Preloading 0 native plugins for Editor in 0.00 ms.
Initialize engine version: 2020.3.3f1 (76626098c1c4)
[Subsystems] Discovering subsystems at path C:/Program Files/Unity/Hub/Editor/2020.3.3f1/Editor/Data/Resources/UnitySubsystems
[Subsystems] Discovering subsystems at path E:/UnityDevelopment/ClassicGames/SnakeRemake/Assets
GfxDevice: creating device client; threaded=0
Direct3D:
    Version:  Direct3D 11.0 [level 11.1]
    Renderer: NVIDIA GeForce GTX 1660 SUPER (ID=0x21c4)
    Vendor:   
    VRAM:     5991 MB
    Driver:   30.0.14.7111
Initialize mono
Mono path[0] = 'C:/Program Files/Unity/Hub/Editor/2020.3.3f1/Editor/Data/Managed'
Mono path[1] = 'C:/Program Files/Unity/Hub/Editor/2020.3.3f1/Editor/Data/MonoBleedingEdge/lib/mono/unityjit'
Mono config path = 'C:/Program Files/Unity/Hub/Editor/2020.3.3f1/Editor/Data/MonoBleedingEdge/etc'
Using monoOptions --debugger-agent=transport=dt_socket,embedding=1,server=y,suspend=n,address=127.0.0.1:56460
Begin MonoManager ReloadAssembly
Registering precompiled unity dll's ...
Register platform support module: C:/Program Files/Unity/Hub/Editor/2020.3.3f1/Editor/Data/PlaybackEngines/WebGLSupport/UnityEditor.WebGL.Extensions.dll
Register platform support module: C:/Program Files/Unity/Hub/Editor/2020.3.3f1/Editor/Data/PlaybackEngines/WindowsStandaloneSupport/UnityEditor.WindowsStandalone.Extensions.dll
Registered in 0.003070 seconds.
Native extension for WindowsStandalone target not found
Native extension for WebGL target not found
Refreshing native plugins compatible for Editor in 25.62 ms, found 0 plugins.
Preloading 0 native plugins for Editor in 0.00 ms.
Invoked RoslynAnalysisRunner static constructor.
RoslynAnalysisRunner will not be running.
RoslynAnalysisRunner has terminated.
Mono: successfully reloaded assembly
- Completed reload, in  2.460 seconds
Platform modules already initialized, skipping
Registering precompiled user dll's ...
Registered in 0.000527 seconds.
Begin MonoManager ReloadAssembly
Native extension for WindowsStandalone target not found
Native extension for WebGL target not found
Refreshing native plugins compatible for Editor in 0.19 ms, found 0 plugins.
Preloading 0 native plugins for Editor in 0.00 ms.
Invoked RoslynAnalysisRunner static constructor.
RoslynAnalysisRunner will not be running.
RoslynAnalysisRunner has terminated.
Mono: successfully reloaded assembly
- Completed reload, in  0.919 seconds
Platform modules already initialized, skipping
========================================================================
Worker process is ready to serve import requests
Launched and connected shader compiler UnityShaderCompiler.exe after 0.05 seconds
Refreshing native plugins compatible for Editor in 0.19 ms, found 0 plugins.
Preloading 0 native plugins for Editor in 0.00 ms.
Unloading 1132 Unused Serialized files (Serialized files now loaded: 0)
System memory in use before: 59.4 MB.
System memory in use after: 59.4 MB.

Unloading 10 unused Assets to reduce memory usage. Loaded Objects now: 1574.
Total: 1.638700 ms (FindLiveObjects: 0.139400 ms CreateObjectMapping: 0.027900 ms MarkObjects: 1.393100 ms  DeleteObjects: 0.077000 ms)

========================================================================
Received Import Request.
  path: Assets/_Scripts/FruitManager.cs
  artifactKey: Guid(871d763b2aba4c342b9ededcf9f55d6a) Importer(815301076,1909f56bfc062723c751e8b465ee728b)
Start importing Assets/_Scripts/FruitManager.cs using Guid(871d763b2aba4c342b9ededcf9f55d6a) Importer(815301076,1909f56bfc062723c751e8b465ee728b)  -> (artifact id: '7ae79214616a4dfc69c1ebe65166796b') in 0.021387 seconds
  Import took 0.023211 seconds .

========================================================================
Received Import Request.
  Time since last request: 12.403505 seconds.
  path: Assets/Prefabs/Snake.prefab
  artifactKey: Guid(9af8384a309947245b22bfd68fe1368f) Importer(815301076,1909f56bfc062723c751e8b465ee728b)
Start importing Assets/Prefabs/Snake.prefab using Guid(9af8384a309947245b22bfd68fe1368f) Importer(815301076,1909f56bfc062723c751e8b465ee728b)  -> (artifact id: '25802ca77873a6d26eec5bcfa2e85695') in 0.097091 seconds
  Import took 0.099418 seconds .

========================================================================
Received Import Request.
  Time since last request: 5.944712 seconds.
  path: Assets/Prefabs/Snake.prefab
  artifactKey: Guid(9af8384a309947245b22bfd68fe1368f) Importer(815301076,1909f56bfc062723c751e8b465ee728b)
Start importing Assets/Prefabs/Snake.prefab using Guid(9af8384a309947245b22bfd68fe1368f) Importer(815301076,1909f56bfc062723c751e8b465ee728b)  -> (artifact id: 'c9fc2575537ed3a4f883fc1d9dc7803e') in 0.008576 seconds
  Import took 0.010627 seconds .

========================================================================
Received Import Request.
  Time since last request: 4.253994 seconds.
  path: Assets/Prefabs/Snake.prefab
  artifactKey: Guid(9af8384a309947245b22bfd68fe1368f) Importer(815301076,1909f56bfc062723c751e8b465ee728b)
Start importing Assets/Prefabs/Snake.prefab using Guid(9af8384a309947245b22bfd68fe1368f) Importer(815301076,1909f56bfc062723c751e8b465ee728b)  -> (artifact id: '154171875b45537e940572e4ee3b8853') in 0.007350 seconds
  Import took 0.009461 seconds .

========================================================================
Received Import Request.
  Time since last request: 2.509776 seconds.
  path: Assets/Prefabs/Snake.prefab
  artifactKey: Guid(9af8384a309947245b22bfd68fe1368f) Importer(815301076,1909f56bfc062723c751e8b465ee728b)
Start importing Assets/Prefabs/Snake.prefab using Guid(9af8384a309947245b22bfd68fe1368f) Importer(815301076,1909f56bfc062723c751e8b465ee728b)  -> (artifact id: 'a3d2995ebcd5ad990470ebdf16364d67') in 0.007972 seconds
  Import took 0.010057 seconds .

========================================================================
Received Prepare
Registering precompiled user dll's ...
Registered in 0.000554 seconds.
Begin MonoManager ReloadAssembly
Native extension for WindowsStandalone target not found
Native extension for WebGL target not found
Refreshing native plugins compatible for Editor in 0.19 ms, found 0 plugins.
Preloading 0 native plugins for Editor in 0.00 ms.
Invoked RoslynAnalysisRunner static constructor.
RoslynAnalysisRunner will not be running.
RoslynAnalysisRunner has terminated.
Mono: successfully reloaded assembly
- Completed reload, in  0.889 seconds
Platform modules already initialized, skipping
Refreshing native plugins compatible for Editor in 0.20 ms, found 0 plugins.
Preloading 0 native plugins for Editor in 0.00 ms.
Unloading 1113 Unused Serialized files (Serialized files now loaded: 0)
System memory in use before: 61.2 MB.
System memory in use after: 61.2 MB.

Unloading 7 unused Assets to reduce memory usage. Loaded Objects now: 1585.
Total: 1.541000 ms (FindLiveObjects: 0.133800 ms CreateObjectMapping: 0.026900 ms MarkObjects: 1.320500 ms  DeleteObjects: 0.058600 ms)

========================================================================
Received Import Request.
  Time since last request: 102.275600 seconds.
  path: Assets/_Scripts/SpecialFruitManager.cs
  artifactKey: Guid(d243821ad159d49409cf4edc6c2138d4) Importer(815301076,1909f56bfc062723c751e8b465ee728b)
Start importing Assets/_Scripts/SpecialFruitManager.cs using Guid(d243821ad159d49409cf4edc6c2138d4) Importer(815301076,1909f56bfc062723c751e8b465ee728b)  -> (artifact id: '85defa6fe5f8fb80fdd992fb1efdd4b8') in 0.008238 seconds
  Import took 0.010296 seconds .

========================================================================
Received Prepare
Registering precompiled user dll's ...
Registered in 0.000692 seconds.
Begin MonoManager ReloadAssembly
Native extension for WindowsStandalone target not found
Native extension for WebGL target not found
Refreshing native plugins compatible for Editor in 0.21 ms, found 0 plugins.
Preloading 0 native plugins for Editor in 0.00 ms.
Invoked RoslynAnalysisRunner static constructor.
RoslynAnalysisRunner will not be running.
RoslynAnalysisRunner has terminated.
Mono: successfully reloaded assembly
- Completed reload, in  0.898 seconds
Platform modules already initialized, skipping
Refreshing native plugins compatible for Editor in 0.19 ms, found 0 plugins.
Preloading 0 native plugins for Editor in 0.00 ms.
Unloading 1112 Unused Serialized files (Serialized files now loaded: 0)
System memory in use before: 61.2 MB.
System memory in use after: 61.2 MB.

Unloading 6 unused Assets to reduce memory usage. Loaded Objects now: 1587.
Total: 1.675500 ms (FindLiveObjects: 0.152600 ms CreateObjectMapping: 0.029000 ms MarkObjects: 1.438100 ms  DeleteObjects: 0.054600 ms)

========================================================================
Received Import Request.
  Time since last request: 672.037556 seconds.
  path: Assets/Prefabs/Fruit.prefab
  artifactKey: Guid(873c4c3138114cc4daaf1408c28da096) Importer(815301076,1909f56bfc062723c751e8b465ee728b)
Start importing Assets/Prefabs/Fruit.prefab using Guid(873c4c3138114cc4daaf1408c28da096) Importer(815301076,1909f56bfc062723c751e8b465ee728b)  -> (artifact id: '84297d55ef57316908e6eb5ffca75089') in 0.062059 seconds
  Import took 0.064336 seconds .

========================================================================
Received Import Request.
  Time since last request: 17.883353 seconds.
  path: Assets/Prefabs/SpecialFruit.prefab
  artifactKey: Guid(d34ed9676cc7bd340a5da1145dfa1768) Importer(815301076,1909f56bfc062723c751e8b465ee728b)
Start importing Assets/Prefabs/SpecialFruit.prefab using Guid(d34ed9676cc7bd340a5da1145dfa1768) Importer(815301076,1909f56bfc062723c751e8b465ee728b)  -> (artifact id: '03caff890e855e95866762df0815197b') in 0.017142 seconds
  Import took 0.019151 seconds .

========================================================================
Received Prepare
Registering precompiled user dll's ...
Registered in 0.000663 seconds.
Begin MonoManager ReloadAssembly
Native extension for WindowsStandalone target not found
Native extension for WebGL target not found
Refreshing native plugins compatible for Editor in 0.19 ms, found 0 plugins.
Preloading 0 native plugins for Editor in 0.00 ms.
Invoked RoslynAnalysisRunner static constructor.
RoslynAnalysisRunner will not be running.
RoslynAnalysisRunner has terminated.
Mono: successfully reloaded assembly
- Completed reload, in  0.852 seconds
Platform modules already initialized, skipping
Refreshing native plugins compatible for Editor in 0.20 ms, found 0 plugins.
Preloading 0 native plugins for Editor in 0.00 ms.
Unloading 1112 Unused Serialized files (Serialized files now loaded: 0)
System memory in use before: 61.2 MB.
System memory in use after: 61.3 MB.

Unloading 5 unused Assets to reduce memory usage. Loaded Objects now: 1591.
Total: 1.573600 ms (FindLiveObjects: 0.141300 ms CreateObjectMapping: 0.027300 ms MarkObjects: 1.354100 ms  DeleteObjects: 0.049600 ms)

========================================================================
Received Prepare
Registering precompiled user dll's ...
Registered in 0.000556 seconds.
Begin MonoManager ReloadAssembly
Native extension for WindowsStandalone target not found
Native extension for WebGL target not found
Refreshing native plugins compatible for Editor in 0.19 ms, found 0 plugins.
Preloading 0 native plugins for Editor in 0.00 ms.
Invoked RoslynAnalysisRunner static constructor.
RoslynAnalysisRunner will not be running.
RoslynAnalysisRunner has terminated.
Mono: successfully reloaded assembly
- Completed reload, in  0.852 seconds
Platform modules already initialized, skipping
Refreshing native plugins compatible for Editor in 0.19 ms, found 0 plugins.
Preloading 0 native plugins for Editor in 0.00 ms.
Unloading 1112 Unused Serialized files (Serialized files now loaded: 0)
System memory in use before: 61.2 MB.
System memory in use after: 61.3 MB.

Unloading 5 unused Assets to reduce memory usage. Loaded Objects now: 1594.
Total: 1.546200 ms (FindLiveObjects: 0.138100 ms CreateObjectMapping: 0.027700 ms MarkObjects: 1.326900 ms  DeleteObjects: 0.052500 ms)

========================================================================
Received Prepare
Registering precompiled user dll's ...
Registered in 0.000544 seconds.
Begin MonoManager ReloadAssembly
Native extension for WindowsStandalone target not found
Native extension for WebGL target not found
Refreshing native plugins compatible for Editor in 0.20 ms, found 0 plugins.
Preloading 0 native plugins for Editor in 0.00 ms.
Invoked RoslynAnalysisRunner static constructor.
RoslynAnalysisRunner will not be running.
RoslynAnalysisRunner has terminated.
Mono: successfully reloaded assembly
- Completed reload, in  0.825 seconds
Platform modules already initialized, skipping
Refreshing native plugins compatible for Editor in 0.19 ms, found 0 plugins.
Preloading 0 native plugins for Editor in 0.00 ms.
Unloading 1112 Unused Serialized files (Serialized files now loaded: 0)
System memory in use before: 61.2 MB.
System memory in use after: 61.3 MB.

Unloading 5 unused Assets to reduce memory usage. Loaded Objects now: 1597.
Total: 1.680400 ms (FindLiveObjects: 0.145000 ms CreateObjectMapping: 0.028500 ms MarkObjects: 1.450300 ms  DeleteObjects: 0.055300 ms)

========================================================================
Received Prepare
Registering precompiled user dll's ...
Registered in 0.000911 seconds.
Begin MonoManager ReloadAssembly
Native extension for WindowsStandalone target not found
Native extension for WebGL target not found
Refreshing native plugins compatible for Editor in 0.32 ms, found 0 plugins.
Preloading 0 native plugins for Editor in 0.00 ms.
Invoked RoslynAnalysisRunner static constructor.
RoslynAnalysisRunner will not be running.
RoslynAnalysisRunner has terminated.
Mono: successfully reloaded assembly
- Completed reload, in  0.850 seconds
Platform modules already initialized, skipping
Refreshing native plugins compatible for Editor in 0.19 ms, found 0 plugins.
Preloading 0 native plugins for Editor in 0.00 ms.
Unloading 1112 Unused Serialized files (Serialized files now loaded: 0)
System memory in use before: 61.2 MB.
System memory in use after: 61.3 MB.

Unloading 5 unused Assets to reduce memory usage. Loaded Objects now: 1600.
Total: 1.644200 ms (FindLiveObjects: 0.141700 ms CreateObjectMapping: 0.027700 ms MarkObjects: 1.416200 ms  DeleteObjects: 0.057200 ms)

========================================================================
Received Prepare
Registering precompiled user dll's ...
Registered in 0.000561 seconds.
Begin MonoManager ReloadAssembly
Native extension for WindowsStandalone target not found
Native extension for WebGL target not found
Refreshing native plugins compatible for Editor in 0.19 ms, found 0 plugins.
Preloading 0 native plugins for Editor in 0.00 ms.
Invoked RoslynAnalysisRunner static constructor.
RoslynAnalysisRunner will not be running.
RoslynAnalysisRunner has terminated.
Mono: successfully reloaded assembly
- Completed reload, in  0.854 seconds
Platform modules already initialized, skipping
Refreshing native plugins compatible for Editor in 0.19 ms, found 0 plugins.
Preloading 0 native plugins for Editor in 0.00 ms.
Unloading 1112 Unused Serialized files (Serialized files now loaded: 0)
System memory in use before: 61.2 MB.
System memory in use after: 61.3 MB.

Unloading 5 unused Assets to reduce memory usage. Loaded Objects now: 1603.
Total: 1.632300 ms (FindLiveObjects: 0.139000 ms CreateObjectMapping: 0.027500 ms MarkObjects: 1.410400 ms  DeleteObjects: 0.054000 ms)

========================================================================
Received Prepare
Registering precompiled user dll's ...
Registered in 0.000538 seconds.
Begin MonoManager ReloadAssembly
Native extension for WindowsStandalone target not found
Native extension for WebGL target not found
Refreshing native plugins compatible for Editor in 0.19 ms, found 0 plugins.
Preloading 0 native plugins for Editor in 0.00 ms.
Invoked RoslynAnalysisRunner static constructor.
RoslynAnalysisRunner will not be running.
RoslynAnalysisRunner has terminated.
Mono: successfully reloaded assembly
- Completed reload, in  0.829 seconds
Platform modules already initialized, skipping
Refreshing native plugins compatible for Editor in 0.20 ms, found 0 plugins.
Preloading 0 native plugins for Editor in 0.00 ms.
Unloading 1112 Unused Serialized files (Serialized files now loaded: 0)
System memory in use before: 61.2 MB.
System memory in use after: 61.3 MB.

Unloading 5 unused Assets to reduce memory usage. Loaded Objects now: 1606.
Total: 1.716900 ms (FindLiveObjects: 0.147000 ms CreateObjectMapping: 0.027600 ms MarkObjects: 1.484400 ms  DeleteObjects: 0.056800 ms)

========================================================================
Received Import Request.
  Time since last request: 4079.042503 seconds.
  path: Assets/Prefabs/SnakeBody.prefab
  artifactKey: Guid(e51d3c8e1780bf247a93a0f9497ac533) Importer(815301076,1909f56bfc062723c751e8b465ee728b)
Start importing Assets/Prefabs/SnakeBody.prefab using Guid(e51d3c8e1780bf247a93a0f9497ac533) Importer(815301076,1909f56bfc062723c751e8b465ee728b)  -> (artifact id: 'c11ad1eed81dbac46ec94dd26496d219') in 0.078945 seconds
  Import took 0.088300 seconds .

========================================================================
Received Import Request.
  Time since last request: 285.703579 seconds.
  path: Assets/Prefabs/Snake.prefab
  artifactKey: Guid(9af8384a309947245b22bfd68fe1368f) Importer(815301076,1909f56bfc062723c751e8b465ee728b)
Start importing Assets/Prefabs/Snake.prefab using Guid(9af8384a309947245b22bfd68fe1368f) Importer(815301076,1909f56bfc062723c751e8b465ee728b)  -> (artifact id: 'c52079c741800ebaca0c6cf08c040295') in 0.016017 seconds
  Import took 0.018349 seconds .

========================================================================
Received Import Request.
  Time since last request: 3.144554 seconds.
  path: Assets/Prefabs/SnakeBody.prefab
  artifactKey: Guid(e51d3c8e1780bf247a93a0f9497ac533) Importer(815301076,1909f56bfc062723c751e8b465ee728b)
Start importing Assets/Prefabs/SnakeBody.prefab using Guid(e51d3c8e1780bf247a93a0f9497ac533) Importer(815301076,1909f56bfc062723c751e8b465ee728b)  -> (artifact id: 'c3264da3a83c754b5b428165bdb5966e') in 0.036540 seconds
  Import took 0.038668 seconds .

========================================================================
Received Prepare
Registering precompiled user dll's ...
Registered in 0.000578 seconds.
Begin MonoManager ReloadAssembly
Native extension for WindowsStandalone target not found
Native extension for WebGL target not found
Refreshing native plugins compatible for Editor in 0.25 ms, found 0 plugins.
Preloading 0 native plugins for Editor in 0.00 ms.
Invoked RoslynAnalysisRunner static constructor.
RoslynAnalysisRunner will not be running.
RoslynAnalysisRunner has terminated.
Mono: successfully reloaded assembly
- Completed reload, in  0.837 seconds
Platform modules already initialized, skipping
Refreshing native plugins compatible for Editor in 0.19 ms, found 0 plugins.
Preloading 0 native plugins for Editor in 0.00 ms.
Unloading 1112 Unused Serialized files (Serialized files now loaded: 0)
System memory in use before: 61.3 MB.
System memory in use after: 61.3 MB.

Unloading 6 unused Assets to reduce memory usage. Loaded Objects now: 1610.
Total: 1.651800 ms (FindLiveObjects: 0.132700 ms CreateObjectMapping: 0.026900 ms MarkObjects: 1.430200 ms  DeleteObjects: 0.061100 ms)

========================================================================
Received Prepare
Registering precompiled user dll's ...
Registered in 0.000574 seconds.
Begin MonoManager ReloadAssembly
Native extension for WindowsStandalone target not found
Native extension for WebGL target not found
Refreshing native plugins compatible for Editor in 0.26 ms, found 0 plugins.
Preloading 0 native plugins for Editor in 0.00 ms.
Invoked RoslynAnalysisRunner static constructor.
RoslynAnalysisRunner will not be running.
RoslynAnalysisRunner has terminated.
Mono: successfully reloaded assembly
- Completed reload, in  0.815 seconds
Platform modules already initialized, skipping
Refreshing native plugins compatible for Editor in 0.19 ms, found 0 plugins.
Preloading 0 native plugins for Editor in 0.00 ms.
Unloading 1112 Unused Serialized files (Serialized files now loaded: 0)
System memory in use before: 61.3 MB.
System memory in use after: 61.3 MB.

Unloading 5 unused Assets to reduce memory usage. Loaded Objects now: 1613.
Total: 1.568400 ms (FindLiveObjects: 0.135900 ms CreateObjectMapping: 0.027900 ms MarkObjects: 1.352700 ms  DeleteObjects: 0.050900 ms)

AssetImportWorkerClient::OnTransportError - code=2 error=End of file
